<?xml version="1.0" encoding="UTF-8"?>
<!-- Generated by org.testng.reporters.JUnitReportReporter -->
<testsuite hostname="SethuPC" failures="0" tests="1" name="com.netbanking.testcases.TC_Logintest_001" time="6.102" errors="0" timestamp="2022-02-14T09:47:07 MST" skipped="0">
  <testcase classname="com.netbanking.testcases.TC_Logintest_001" name="Logintest" time="6.102"/>
  <system-out/>
</testsuite> <!-- com.netbanking.testcases.TC_Logintest_001 -->
