<?xml version="1.0" encoding="UTF-8"?>
<!-- Generated by org.testng.reporters.JUnitReportReporter -->
<testsuite skipped="0" hostname="SethuPC" name="com.netbanking.testcases.TC_Logintest_001" tests="1" failures="0" timestamp="2022-02-16T19:52:26 MST" time="2.579" errors="0">
  <testcase name="Logintest" time="2.579" classname="com.netbanking.testcases.TC_Logintest_001"/>
  <system-out/>
</testsuite> <!-- com.netbanking.testcases.TC_Logintest_001 -->
